2026-03-27 06:11:14 [INFO] : 🚀 Server started
2026-03-27 06:11:14 [INFO] : [SCHEDULER] Automatic calculation scheduled for 9 PM daily
2026-03-27 06:11:14 [INFO] : Calculation Service running on port 5004
2026-03-27 06:14:48 [INFO] : 🚀 Server started
2026-03-27 06:14:48 [ERROR] : TEST ERROR
2026-03-27 06:14:48 [INFO] : [SCHEDULER] Automatic calculation scheduled for 9 PM daily
2026-03-27 06:14:48 [INFO] : Calculation Service running on port 5004
2026-03-27 06:15:05 [INFO] : [SCHEDULER] Automatic calculation scheduled for 9 PM daily
2026-03-27 06:15:05 [INFO] : Calculation Service running on port 5004
2026-03-27 06:15:09 [INFO] : [SCHEDULER] Automatic calculation scheduled for 9 PM daily
2026-03-27 06:15:09 [INFO] : Calculation Service running on port 5004
2026-03-27 06:15:11 [INFO] : [SCHEDULER] Automatic calculation scheduled for 9 PM daily
2026-03-27 06:15:11 [INFO] : Calculation Service running on port 5004
2026-03-27 06:18:53 [INFO] : [SCHEDULER] Automatic calculation scheduled for 9 PM daily
2026-03-27 06:18:53 [INFO] : Calculation Service running on port 5004
2026-03-27 06:19:31 [INFO] : [SCHEDULER] Automatic calculation scheduled for 9 PM daily
2026-03-27 06:19:31 [INFO] : Calculation Service running on port 5004
2026-03-27 06:28:17 [INFO] : [SCHEDULER] Automatic calculation scheduled for 9 PM daily
2026-03-27 06:28:17 [INFO] : Calculation Service running on port 5004
2026-03-27 08:12:07 [INFO] : [SCHEDULER] Automatic calculation scheduled for 9 PM daily
2026-03-27 08:12:07 [INFO] : Calculation Service running on port 5004
2026-03-27 08:12:17 [INFO] : [SCHEDULER] Automatic calculation scheduled for 9 PM daily
2026-03-27 08:12:17 [INFO] : Calculation Service running on port 5004
2026-03-27 08:12:31 [INFO] : [SCHEDULER] Automatic calculation scheduled for 9 PM daily
2026-03-27 08:12:31 [INFO] : Calculation Service running on port 5004
2026-03-27 08:13:39 [INFO] : [SCHEDULER] Automatic calculation scheduled for 9 PM daily
2026-03-27 08:13:39 [INFO] : Calculation Service running on port 5004
2026-03-27 08:16:41 [INFO] : [SCHEDULER] Automatic calculation scheduled for 9 PM daily
2026-03-27 08:16:41 [INFO] : Calculation Service running on port 5004
2026-03-27 17:18:30 [INFO] : [SCHEDULER] Automatic calculation scheduled for 9 PM daily
2026-03-27 17:18:30 [INFO] : Calculation Service running on port 5004
2026-03-27 17:34:14 [INFO] : [SCHEDULER] Automatic calculation scheduled for 9 PM daily
2026-03-27 17:34:14 [INFO] : Calculation Service running on port 5004
2026-03-27 17:43:57 [INFO] : [SCHEDULER] Automatic calculation scheduled for 9 PM daily
2026-03-27 17:43:57 [INFO] : Calculation Service running on port 5004
2026-03-27 17:45:51 [INFO] : [SCHEDULER] Automatic calculation scheduled for 9 PM daily
2026-03-27 17:45:51 [INFO] : Calculation Service running on port 5004
2026-03-27 17:45:55 [INFO] : [SCHEDULER] Automatic calculation scheduled for 9 PM daily
2026-03-27 17:45:55 [INFO] : Calculation Service running on port 5004
2026-03-27 17:46:10 [INFO] : [SCHEDULER] Automatic calculation scheduled for 9 PM daily
2026-03-27 17:46:10 [INFO] : Calculation Service running on port 5004
2026-03-27 17:46:19 [INFO] : [SCHEDULER] Automatic calculation scheduled for 9 PM daily
2026-03-27 17:46:19 [INFO] : Calculation Service running on port 5004
2026-03-27 17:46:27 [INFO] : [SCHEDULER] Automatic calculation scheduled for 9 PM daily
2026-03-27 17:46:27 [INFO] : Calculation Service running on port 5004
2026-03-27 18:17:29 [INFO] : [SCHEDULER] Automatic calculation scheduled for 9 PM daily
2026-03-27 18:17:29 [INFO] : Calculation Service running on port 5004
2026-03-27 18:47:05 [INFO] : [SCHEDULER] Automatic calculation scheduled for 9 PM daily
2026-03-27 18:47:05 [INFO] : Calculation Service running on port 5004
2026-03-27 19:05:35 [INFO] : [SCHEDULER] Automatic calculation scheduled for 9 PM daily
2026-03-27 19:05:35 [INFO] : Calculation Service running on port 5004
2026-03-27 19:07:04 [INFO] : [SCHEDULER] Automatic calculation scheduled for 9 PM daily
2026-03-27 19:07:04 [INFO] : Calculation Service running on port 5004
2026-03-27 19:07:08 [INFO] : [SCHEDULER] Automatic calculation scheduled for 9 PM daily
2026-03-27 19:07:08 [INFO] : Calculation Service running on port 5004
2026-03-27 19:07:16 [INFO] : [SCHEDULER] Automatic calculation scheduled for 9 PM daily
2026-03-27 19:07:16 [INFO] : Calculation Service running on port 5004
2026-03-27 19:14:03 [INFO] : [SCHEDULER] Automatic calculation scheduled for 9 PM daily
2026-03-27 19:14:03 [INFO] : Calculation Service running on port 5004
2026-03-27 19:47:01 [INFO] : [SCHEDULER] Automatic calculation scheduled for 9 PM daily
2026-03-27 19:47:01 [INFO] : Calculation Service running on port 5004
2026-03-27 19:47:06 [INFO] : [SCHEDULER] Automatic calculation scheduled for 9 PM daily
2026-03-27 19:47:06 [INFO] : Calculation Service running on port 5004
2026-03-27 19:49:57 [INFO] : [SCHEDULER] Automatic calculation scheduled for 9 PM daily
2026-03-27 19:49:57 [INFO] : Calculation Service running on port 5004
2026-03-27 19:53:21 [INFO] : [SCHEDULER] Automatic calculation scheduled for 9 PM daily
2026-03-27 19:53:21 [INFO] : Calculation Service running on port 5004
2026-03-27 20:02:21 [INFO] : [SCHEDULER] Automatic calculation scheduled for 9 PM daily
2026-03-27 20:02:21 [INFO] : Calculation Service running on port 5004
2026-03-27 20:24:25 [INFO] : [SCHEDULER] Automatic calculation scheduled for 9 PM daily
2026-03-27 20:24:25 [INFO] : Calculation Service running on port 5004
2026-03-27 20:27:02 [INFO] : [SCHEDULER] Automatic calculation scheduled for 9 PM daily
2026-03-27 20:27:02 [INFO] : Calculation Service running on port 5004
2026-03-27 20:29:45 [INFO] : [SCHEDULER] Automatic calculation scheduled for 9 PM daily
2026-03-27 20:29:45 [INFO] : Calculation Service running on port 5004
2026-03-27 20:31:12 [INFO] : [SCHEDULER] Automatic calculation scheduled for 9 PM daily
2026-03-27 20:31:12 [INFO] : Calculation Service running on port 5004
2026-03-27 20:34:22 [INFO] : [SCHEDULER] Automatic calculation scheduled for 9 PM daily
2026-03-27 20:34:22 [INFO] : Calculation Service running on port 5004
2026-03-27 20:34:55 [INFO] : [SCHEDULER] Automatic calculation scheduled for 9 PM daily
2026-03-27 20:34:55 [INFO] : [SCHEDULER] Automatic calculation scheduled for 9 PM daily
2026-03-27 20:34:56 [INFO] : Calculation Service running on port 5004
2026-03-27 20:34:56 [INFO] : [SCHEDULER] Automatic calculation scheduled for 9 PM daily
2026-03-27 20:35:16 [INFO] : [SCHEDULER] Automatic calculation scheduled for 9 PM daily
2026-03-27 20:35:16 [INFO] : Calculation Service running on port 5004
2026-03-27 20:38:47 [INFO] : [SCHEDULER] Automatic calculation scheduled for 9 PM daily
2026-03-27 20:38:47 [INFO] : Calculation Service running on port 5004
2026-03-27 20:54:58 [INFO] : [SCHEDULER] Automatic calculation scheduled for 9 PM daily
2026-03-27 20:54:59 [INFO] : Calculation Service running on port 5004
2026-03-27 21:00:00 [INFO] : [SCHEDULER] Auto-calculation triggered at 9 PM
2026-03-27 21:00:00 [ERROR] : [SCHEDULER] Calculation failed: No responses found for this date
2026-03-27 21:05:34 [INFO] : [SCHEDULER] Automatic calculation scheduled for 9 PM daily
2026-03-27 21:05:34 [INFO] : Calculation Service running on port 5004
2026-03-27 21:09:16 [INFO] : [SCHEDULER] Automatic calculation scheduled for 9 PM daily
2026-03-27 21:09:16 [INFO] : Calculation Service running on port 5004
2026-03-27 21:09:17 [INFO] : [SCHEDULER] Automatic calculation scheduled for 9 PM daily
2026-03-27 21:09:17 [INFO] : Calculation Service running on port 5004
2026-03-27 21:09:22 [INFO] : [SCHEDULER] Automatic calculation scheduled for 9 PM daily
2026-03-27 21:09:22 [INFO] : Calculation Service running on port 5004
2026-03-27 21:09:32 [INFO] : [SCHEDULER] Automatic calculation scheduled for 9 PM daily
2026-03-27 21:09:32 [INFO] : Calculation Service running on port 5004
2026-03-27 21:09:37 [INFO] : [SCHEDULER] Automatic calculation scheduled for 9 PM daily
2026-03-27 21:09:37 [INFO] : Calculation Service running on port 5004
2026-03-27 21:10:51 [INFO] : [SCHEDULER] Automatic calculation scheduled for 9 PM daily
2026-03-27 21:10:52 [INFO] : Calculation Service running on port 5004
2026-03-27 21:11:14 [INFO] : [SCHEDULER] Automatic calculation scheduled for 9 PM daily
2026-03-27 21:11:14 [INFO] : Calculation Service running on port 5004
2026-03-27 21:12:11 [INFO] : [SCHEDULER] Automatic calculation scheduled for 9 PM daily
2026-03-27 21:12:11 [INFO] : Calculation Service running on port 5004
2026-03-27 21:12:12 [INFO] : [SCHEDULER] Automatic calculation scheduled for 9 PM daily
2026-03-27 21:12:12 [INFO] : Calculation Service running on port 5004
2026-03-27 21:12:32 [INFO] : [SCHEDULER] Automatic calculation scheduled for 9 PM daily
2026-03-27 21:12:32 [INFO] : Calculation Service running on port 5004
2026-03-27 21:13:05 [INFO] : [SCHEDULER] Automatic calculation scheduled for 9 PM daily
2026-03-27 21:13:05 [INFO] : Calculation Service running on port 5004
2026-03-27 21:13:19 [INFO] : [SCHEDULER] Automatic calculation scheduled for 9 PM daily
2026-03-27 21:13:19 [INFO] : Calculation Service running on port 5004
2026-03-27 21:13:41 [INFO] : [SCHEDULER] Automatic calculation scheduled for 9 PM daily
2026-03-27 21:13:41 [INFO] : Calculation Service running on port 5004
2026-03-27 21:19:17 [INFO] : [SCHEDULER] Automatic calculation scheduled for 9 PM daily
2026-03-27 21:19:17 [INFO] : Calculation Service running on port 5004
2026-03-27 21:19:18 [INFO] : [SCHEDULER] Automatic calculation scheduled for 9 PM daily
2026-03-27 21:19:18 [INFO] : Calculation Service running on port 5004
2026-03-27 21:35:51 [INFO] : [SCHEDULER] Automatic calculation scheduled for 9 PM daily
2026-03-27 21:35:51 [INFO] : Calculation Service running on port 5004
2026-03-27 21:35:52 [INFO] : [SCHEDULER] Automatic calculation scheduled for 9 PM daily
2026-03-27 21:35:52 [INFO] : Calculation Service running on port 5004
2026-03-27 21:38:58 [INFO] : [SCHEDULER] Automatic calculation scheduled for 9 PM daily
2026-03-27 21:38:58 [INFO] : Calculation Service running on port 5004
